0 info it worked if it ends with ok
1 verbose cli [ '/Users/edwardflemingiii/.nvm/v0.8.18/bin/node',
1 verbose cli   '/Users/edwardflemingiii/.nvm/v0.8.18/bin/npm',
1 verbose cli   'start' ]
2 info using npm@1.2.2
3 info using node@v0.8.18
4 verbose read json /Users/edwardflemingiii/webbox/androidbuilder/package.json
5 verbose run-script [ 'prestart', 'start', 'poststart' ]
6 info prestart hello-world@0.0.1
7 info start hello-world@0.0.1
8 verbose unsafe-perm in lifecycle true
9 silly exec sh "-c" "./node_modules/.bin/coffee server/server.coffee"
10 silly sh,-c,./node_modules/.bin/coffee server/server.coffee,/Users/edwardflemingiii/webbox/androidbuilder spawning
11 info hello-world@0.0.1 Failed to exec start script
12 error hello-world@0.0.1 start: `./node_modules/.bin/coffee server/server.coffee`
12 error `sh "-c" "./node_modules/.bin/coffee server/server.coffee"` failed with 1
13 error Failed at the hello-world@0.0.1 start script.
13 error This is most likely a problem with the hello-world package,
13 error not with npm itself.
13 error Tell the author that this fails on your system:
13 error     ./node_modules/.bin/coffee server/server.coffee
13 error You can get their info via:
13 error     npm owner ls hello-world
13 error There is likely additional logging output above.
14 error System Darwin 13.1.0
15 error command "/Users/edwardflemingiii/.nvm/v0.8.18/bin/node" "/Users/edwardflemingiii/.nvm/v0.8.18/bin/npm" "start"
16 error cwd /Users/edwardflemingiii/webbox/androidbuilder
17 error node -v v0.8.18
18 error npm -v 1.2.2
19 error code ELIFECYCLE
20 verbose exit [ 1, true ]
